cuda
Initialize dataset with 1294392 characters, 107 unique.
embed_dim: 32
[2020-11-29 18:37] Train Step 0049/1000000, Batch Size = 64,                     Examples/Sec = 5040.76, Accuracy = 0.31, Loss = 2.485
[2020-11-29 18:37] Train Step 0099/1000000, Batch Size = 64,                     Examples/Sec = 5091.14, Accuracy = 0.42, Loss = 2.147
[2020-11-29 18:37] Train Step 0149/1000000, Batch Size = 64,                     Examples/Sec = 5401.77, Accuracy = 0.51, Loss = 1.777
[2020-11-29 18:37] Train Step 0199/1000000, Batch Size = 64,                     Examples/Sec = 5514.85, Accuracy = 0.53, Loss = 1.676
[2020-11-29 18:37] Train Step 0249/1000000, Batch Size = 64,                     Examples/Sec = 5346.47, Accuracy = 0.54, Loss = 1.692
[2020-11-29 18:37] Train Step 0299/1000000, Batch Size = 64,                     Examples/Sec = 5078.23, Accuracy = 0.58, Loss = 1.437
[2020-11-29 18:37] Train Step 0349/1000000, Batch Size = 64,                     Examples/Sec = 5385.19, Accuracy = 0.59, Loss = 1.439
[2020-11-29 18:37] Train Step 0399/1000000, Batch Size = 64,                     Examples/Sec = 5713.95, Accuracy = 0.59, Loss = 1.445
[2020-11-29 18:37] Train Step 0449/1000000, Batch Size = 64,                     Examples/Sec = 5503.43, Accuracy = 0.61, Loss = 1.374
[2020-11-29 18:37] Train Step 0499/1000000, Batch Size = 64,                     Examples/Sec = 5924.29, Accuracy = 0.57, Loss = 1.450
[2020-11-29 18:37] Train Step 0549/1000000, Batch Size = 64,                     Examples/Sec = 5350.73, Accuracy = 0.62, Loss = 1.290
[2020-11-29 18:37] Train Step 0599/1000000, Batch Size = 64,                     Examples/Sec = 5408.41, Accuracy = 0.61, Loss = 1.307
[2020-11-29 18:37] Train Step 0649/1000000, Batch Size = 64,                     Examples/Sec = 5476.60, Accuracy = 0.60, Loss = 1.336
[2020-11-29 18:37] Train Step 0699/1000000, Batch Size = 64,                     Examples/Sec = 5372.15, Accuracy = 0.60, Loss = 1.378
[2020-11-29 18:37] Train Step 0749/1000000, Batch Size = 64,                     Examples/Sec = 5339.66, Accuracy = 0.61, Loss = 1.297
[2020-11-29 18:37] Train Step 0799/1000000, Batch Size = 64,                     Examples/Sec = 5387.03, Accuracy = 0.62, Loss = 1.258
[2020-11-29 18:37] Train Step 0849/1000000, Batch Size = 64,                     Examples/Sec = 5353.08, Accuracy = 0.64, Loss = 1.236
[2020-11-29 18:37] Train Step 0899/1000000, Batch Size = 64,                     Examples/Sec = 5266.54, Accuracy = 0.62, Loss = 1.226
[2020-11-29 18:37] Train Step 0949/1000000, Batch Size = 64,                     Examples/Sec = 5315.55, Accuracy = 0.62, Loss = 1.250
[2020-11-29 18:37] Train Step 0999/1000000, Batch Size = 64,                     Examples/Sec = 5192.48, Accuracy = 0.65, Loss = 1.196
[2020-11-29 18:37] Train Step 1049/1000000, Batch Size = 64,                     Examples/Sec = 4628.36, Accuracy = 0.63, Loss = 1.225
[2020-11-29 18:37] Train Step 1099/1000000, Batch Size = 64,                     Examples/Sec = 5915.67, Accuracy = 0.62, Loss = 1.283
[2020-11-29 18:37] Train Step 1149/1000000, Batch Size = 64,                     Examples/Sec = 5081.69, Accuracy = 0.64, Loss = 1.211
[2020-11-29 18:37] Train Step 1199/1000000, Batch Size = 64,                     Examples/Sec = 5526.21, Accuracy = 0.63, Loss = 1.235
[2020-11-29 18:37] Train Step 1249/1000000, Batch Size = 64,                     Examples/Sec = 5405.47, Accuracy = 0.60, Loss = 1.317
[2020-11-29 18:37] Train Step 1299/1000000, Batch Size = 64,                     Examples/Sec = 5430.18, Accuracy = 0.64, Loss = 1.216
[2020-11-29 18:37] Train Step 1349/1000000, Batch Size = 64,                     Examples/Sec = 5526.09, Accuracy = 0.64, Loss = 1.238
[2020-11-29 18:37] Train Step 1399/1000000, Batch Size = 64,                     Examples/Sec = 5943.18, Accuracy = 0.64, Loss = 1.208
[2020-11-29 18:37] Train Step 1449/1000000, Batch Size = 64,                     Examples/Sec = 5420.31, Accuracy = 0.64, Loss = 1.214
[2020-11-29 18:37] Train Step 1499/1000000, Batch Size = 64,                     Examples/Sec = 5706.17, Accuracy = 0.61, Loss = 1.228
[2020-11-29 18:37] Train Step 1549/1000000, Batch Size = 64,                     Examples/Sec = 5082.66, Accuracy = 0.62, Loss = 1.295
[2020-11-29 18:37] Train Step 1599/1000000, Batch Size = 64,                     Examples/Sec = 5800.00, Accuracy = 0.65, Loss = 1.156
[2020-11-29 18:37] Train Step 1649/1000000, Batch Size = 64,                     Examples/Sec = 5265.09, Accuracy = 0.64, Loss = 1.211
[2020-11-29 18:37] Train Step 1699/1000000, Batch Size = 64,                     Examples/Sec = 5554.68, Accuracy = 0.63, Loss = 1.150
[2020-11-29 18:37] Train Step 1749/1000000, Batch Size = 64,                     Examples/Sec = 5345.83, Accuracy = 0.63, Loss = 1.194
[2020-11-29 18:37] Train Step 1799/1000000, Batch Size = 64,                     Examples/Sec = 5419.76, Accuracy = 0.65, Loss = 1.189
[2020-11-29 18:37] Train Step 1849/1000000, Batch Size = 64,                     Examples/Sec = 5971.34, Accuracy = 0.64, Loss = 1.161
[2020-11-29 18:37] Train Step 1899/1000000, Batch Size = 64,                     Examples/Sec = 5481.41, Accuracy = 0.63, Loss = 1.193
[2020-11-29 18:37] Train Step 1949/1000000, Batch Size = 64,                     Examples/Sec = 5769.95, Accuracy = 0.64, Loss = 1.127
[2020-11-29 18:37] Train Step 1999/1000000, Batch Size = 64,                     Examples/Sec = 5963.77, Accuracy = 0.64, Loss = 1.164
[2020-11-29 18:37] Train Step 2049/1000000, Batch Size = 64,                     Examples/Sec = 5458.22, Accuracy = 0.65, Loss = 1.118
[2020-11-29 18:37] Train Step 2099/1000000, Batch Size = 64,                     Examples/Sec = 5739.48, Accuracy = 0.65, Loss = 1.144
[2020-11-29 18:37] Train Step 2149/1000000, Batch Size = 64,                     Examples/Sec = 5672.77, Accuracy = 0.62, Loss = 1.278
[2020-11-29 18:37] Train Step 2199/1000000, Batch Size = 64,                     Examples/Sec = 5858.86, Accuracy = 0.64, Loss = 1.170
[2020-11-29 18:37] Train Step 2249/1000000, Batch Size = 64,                     Examples/Sec = 5179.05, Accuracy = 0.63, Loss = 1.244
[2020-11-29 18:37] Train Step 2299/1000000, Batch Size = 64,                     Examples/Sec = 5717.48, Accuracy = 0.64, Loss = 1.174
[2020-11-29 18:37] Train Step 2349/1000000, Batch Size = 64,                     Examples/Sec = 5054.23, Accuracy = 0.63, Loss = 1.209
[2020-11-29 18:37] Train Step 2399/1000000, Batch Size = 64,                     Examples/Sec = 5491.50, Accuracy = 0.65, Loss = 1.129
[2020-11-29 18:37] Train Step 2449/1000000, Batch Size = 64,                     Examples/Sec = 5942.78, Accuracy = 0.65, Loss = 1.113
[2020-11-29 18:37] Train Step 2499/1000000, Batch Size = 64,                     Examples/Sec = 5405.90, Accuracy = 0.63, Loss = 1.194
[2020-11-29 18:37] Train Step 2549/1000000, Batch Size = 64,                     Examples/Sec = 5126.92, Accuracy = 0.63, Loss = 1.162
[2020-11-29 18:37] Train Step 2599/1000000, Batch Size = 64,                     Examples/Sec = 5960.86, Accuracy = 0.65, Loss = 1.125
[2020-11-29 18:37] Train Step 2649/1000000, Batch Size = 64,                     Examples/Sec = 5256.64, Accuracy = 0.65, Loss = 1.145
[2020-11-29 18:37] Train Step 2699/1000000, Batch Size = 64,                     Examples/Sec = 5083.72, Accuracy = 0.64, Loss = 1.204
[2020-11-29 18:37] Train Step 2749/1000000, Batch Size = 64,                     Examples/Sec = 5565.16, Accuracy = 0.65, Loss = 1.144
[2020-11-29 18:37] Train Step 2799/1000000, Batch Size = 64,                     Examples/Sec = 5374.94, Accuracy = 0.66, Loss = 1.073
[2020-11-29 18:37] Train Step 2849/1000000, Batch Size = 64,                     Examples/Sec = 5921.94, Accuracy = 0.64, Loss = 1.143
[2020-11-29 18:37] Train Step 2899/1000000, Batch Size = 64,                     Examples/Sec = 6083.11, Accuracy = 0.63, Loss = 1.193
[2020-11-29 18:37] Train Step 2949/1000000, Batch Size = 64,                     Examples/Sec = 5348.07, Accuracy = 0.65, Loss = 1.143
[2020-11-29 18:37] Train Step 2999/1000000, Batch Size = 64,                     Examples/Sec = 5847.38, Accuracy = 0.67, Loss = 1.072
[2020-11-29 18:38] Train Step 3049/1000000, Batch Size = 64,                     Examples/Sec = 5389.40, Accuracy = 0.65, Loss = 1.153
[2020-11-29 18:38] Train Step 3099/1000000, Batch Size = 64,                     Examples/Sec = 5368.92, Accuracy = 0.64, Loss = 1.184
[2020-11-29 18:38] Train Step 3149/1000000, Batch Size = 64,                     Examples/Sec = 5419.98, Accuracy = 0.64, Loss = 1.129
[2020-11-29 18:38] Train Step 3199/1000000, Batch Size = 64,                     Examples/Sec = 5879.26, Accuracy = 0.66, Loss = 1.104
[2020-11-29 18:38] Train Step 3249/1000000, Batch Size = 64,                     Examples/Sec = 5820.12, Accuracy = 0.66, Loss = 1.080
[2020-11-29 18:38] Train Step 3299/1000000, Batch Size = 64,                     Examples/Sec = 5057.66, Accuracy = 0.67, Loss = 1.078
[2020-11-29 18:38] Train Step 3349/1000000, Batch Size = 64,                     Examples/Sec = 4450.41, Accuracy = 0.66, Loss = 1.121
[2020-11-29 18:38] Train Step 3399/1000000, Batch Size = 64,                     Examples/Sec = 5257.67, Accuracy = 0.66, Loss = 1.143
[2020-11-29 18:38] Train Step 3449/1000000, Batch Size = 64,                     Examples/Sec = 5289.37, Accuracy = 0.66, Loss = 1.082
[2020-11-29 18:38] Train Step 3499/1000000, Batch Size = 64,                     Examples/Sec = 5517.69, Accuracy = 0.66, Loss = 1.119
[2020-11-29 18:38] Train Step 3549/1000000, Batch Size = 64,                     Examples/Sec = 5429.96, Accuracy = 0.66, Loss = 1.114
[2020-11-29 18:38] Train Step 3599/1000000, Batch Size = 64,                     Examples/Sec = 5309.04, Accuracy = 0.67, Loss = 1.058
[2020-11-29 18:38] Train Step 3649/1000000, Batch Size = 64,                     Examples/Sec = 5402.20, Accuracy = 0.67, Loss = 1.070
[2020-11-29 18:38] Train Step 3699/1000000, Batch Size = 64,                     Examples/Sec = 5249.85, Accuracy = 0.66, Loss = 1.073
[2020-11-29 18:38] Train Step 3749/1000000, Batch Size = 64,                     Examples/Sec = 5309.98, Accuracy = 0.68, Loss = 1.085
[2020-11-29 18:38] Train Step 3799/1000000, Batch Size = 64,                     Examples/Sec = 5494.87, Accuracy = 0.66, Loss = 1.122
[2020-11-29 18:38] Train Step 3849/1000000, Batch Size = 64,                     Examples/Sec = 6113.45, Accuracy = 0.68, Loss = 1.065
[2020-11-29 18:38] Train Step 3899/1000000, Batch Size = 64,                     Examples/Sec = 5060.71, Accuracy = 0.64, Loss = 1.128
[2020-11-29 18:38] Train Step 3949/1000000, Batch Size = 64,                     Examples/Sec = 5399.27, Accuracy = 0.67, Loss = 1.078
[2020-11-29 18:38] Train Step 3999/1000000, Batch Size = 64,                     Examples/Sec = 5960.73, Accuracy = 0.67, Loss = 1.073
[2020-11-29 18:38] Train Step 4049/1000000, Batch Size = 64,                     Examples/Sec = 5163.21, Accuracy = 0.65, Loss = 1.137
[2020-11-29 18:38] Train Step 4099/1000000, Batch Size = 64,                     Examples/Sec = 5079.77, Accuracy = 0.66, Loss = 1.137
[2020-11-29 18:38] Train Step 4149/1000000, Batch Size = 64,                     Examples/Sec = 5185.05, Accuracy = 0.67, Loss = 1.097
[2020-11-29 18:38] Train Step 4199/1000000, Batch Size = 64,                     Examples/Sec = 5804.76, Accuracy = 0.64, Loss = 1.191
[2020-11-29 18:38] Train Step 4249/1000000, Batch Size = 64,                     Examples/Sec = 5982.78, Accuracy = 0.66, Loss = 1.095
[2020-11-29 18:38] Train Step 4299/1000000, Batch Size = 64,                     Examples/Sec = 6019.95, Accuracy = 0.64, Loss = 1.128
[2020-11-29 18:38] Train Step 4349/1000000, Batch Size = 64,                     Examples/Sec = 5273.68, Accuracy = 0.68, Loss = 1.062
[2020-11-29 18:38] Train Step 4399/1000000, Batch Size = 64,                     Examples/Sec = 5457.78, Accuracy = 0.68, Loss = 1.085
[2020-11-29 18:38] Train Step 4449/1000000, Batch Size = 64,                     Examples/Sec = 5801.00, Accuracy = 0.66, Loss = 1.103
[2020-11-29 18:38] Train Step 4499/1000000, Batch Size = 64,                     Examples/Sec = 5057.95, Accuracy = 0.67, Loss = 1.041
[2020-11-29 18:38] Train Step 4549/1000000, Batch Size = 64,                     Examples/Sec = 5512.02, Accuracy = 0.63, Loss = 1.148
[2020-11-29 18:38] Train Step 4599/1000000, Batch Size = 64,                     Examples/Sec = 5964.04, Accuracy = 0.68, Loss = 1.058
[2020-11-29 18:38] Train Step 4649/1000000, Batch Size = 64,                     Examples/Sec = 5940.15, Accuracy = 0.65, Loss = 1.163
[2020-11-29 18:38] Train Step 4699/1000000, Batch Size = 64,                     Examples/Sec = 5063.86, Accuracy = 0.68, Loss = 1.054
[2020-11-29 18:38] Train Step 4749/1000000, Batch Size = 64,                     Examples/Sec = 5289.68, Accuracy = 0.65, Loss = 1.137
[2020-11-29 18:38] Train Step 4799/1000000, Batch Size = 64,                     Examples/Sec = 5270.99, Accuracy = 0.65, Loss = 1.116
[2020-11-29 18:38] Train Step 4849/1000000, Batch Size = 64,                     Examples/Sec = 5675.17, Accuracy = 0.66, Loss = 1.105
[2020-11-29 18:38] Train Step 4899/1000000, Batch Size = 64,                     Examples/Sec = 6021.16, Accuracy = 0.65, Loss = 1.126
[2020-11-29 18:38] Train Step 4949/1000000, Batch Size = 64,                     Examples/Sec = 5951.48, Accuracy = 0.65, Loss = 1.115
[2020-11-29 18:38] Train Step 4999/1000000, Batch Size = 64,                     Examples/Sec = 5043.31, Accuracy = 0.65, Loss = 1.116
[2020-11-29 18:38] Train Step 5049/1000000, Batch Size = 64,                     Examples/Sec = 5433.37, Accuracy = 0.67, Loss = 1.077
[2020-11-29 18:38] Train Step 5099/1000000, Batch Size = 64,                     Examples/Sec = 5387.57, Accuracy = 0.66, Loss = 1.081
[2020-11-29 18:38] Train Step 5149/1000000, Batch Size = 64,                     Examples/Sec = 5789.61, Accuracy = 0.66, Loss = 1.106
[2020-11-29 18:38] Train Step 5199/1000000, Batch Size = 64,                     Examples/Sec = 5599.99, Accuracy = 0.67, Loss = 1.065
[2020-11-29 18:38] Train Step 5249/1000000, Batch Size = 64,                     Examples/Sec = 5462.89, Accuracy = 0.65, Loss = 1.148
[2020-11-29 18:38] Train Step 5299/1000000, Batch Size = 64,                     Examples/Sec = 5877.59, Accuracy = 0.66, Loss = 1.086
[2020-11-29 18:38] Train Step 5349/1000000, Batch Size = 64,                     Examples/Sec = 5437.11, Accuracy = 0.66, Loss = 1.107
[2020-11-29 18:38] Train Step 5399/1000000, Batch Size = 64,                     Examples/Sec = 5489.81, Accuracy = 0.66, Loss = 1.130
[2020-11-29 18:38] Train Step 5449/1000000, Batch Size = 64,                     Examples/Sec = 5360.67, Accuracy = 0.68, Loss = 1.071
[2020-11-29 18:38] Train Step 5499/1000000, Batch Size = 64,                     Examples/Sec = 5426.89, Accuracy = 0.67, Loss = 1.093
[2020-11-29 18:38] Train Step 5549/1000000, Batch Size = 64,                     Examples/Sec = 5513.04, Accuracy = 0.66, Loss = 1.065
[2020-11-29 18:38] Train Step 5599/1000000, Batch Size = 64,                     Examples/Sec = 5493.75, Accuracy = 0.66, Loss = 1.107
[2020-11-29 18:38] Train Step 5649/1000000, Batch Size = 64,                     Examples/Sec = 5805.64, Accuracy = 0.66, Loss = 1.081
[2020-11-29 18:38] Train Step 5699/1000000, Batch Size = 64,                     Examples/Sec = 5511.91, Accuracy = 0.66, Loss = 1.094
[2020-11-29 18:38] Train Step 5749/1000000, Batch Size = 64,                     Examples/Sec = 5754.12, Accuracy = 0.66, Loss = 1.112
[2020-11-29 18:38] Train Step 5799/1000000, Batch Size = 64,                     Examples/Sec = 4899.08, Accuracy = 0.67, Loss = 1.090
[2020-11-29 18:38] Train Step 5849/1000000, Batch Size = 64,                     Examples/Sec = 5057.66, Accuracy = 0.69, Loss = 1.036
[2020-11-29 18:38] Train Step 5899/1000000, Batch Size = 64,                     Examples/Sec = 5577.76, Accuracy = 0.66, Loss = 1.105
[2020-11-29 18:38] Train Step 5949/1000000, Batch Size = 64,                     Examples/Sec = 5282.91, Accuracy = 0.67, Loss = 1.088
[2020-11-29 18:38] Train Step 5999/1000000, Batch Size = 64,                     Examples/Sec = 5355.96, Accuracy = 0.66, Loss = 1.132
[2020-11-29 18:38] Train Step 6049/1000000, Batch Size = 64,                     Examples/Sec = 5724.06, Accuracy = 0.64, Loss = 1.168
[2020-11-29 18:38] Train Step 6099/1000000, Batch Size = 64,                     Examples/Sec = 5374.84, Accuracy = 0.68, Loss = 1.057
[2020-11-29 18:38] Train Step 6149/1000000, Batch Size = 64,                     Examples/Sec = 5302.64, Accuracy = 0.68, Loss = 1.022
[2020-11-29 18:38] Train Step 6199/1000000, Batch Size = 64,                     Examples/Sec = 5236.95, Accuracy = 0.68, Loss = 1.012
[2020-11-29 18:38] Train Step 6249/1000000, Batch Size = 64,                     Examples/Sec = 5142.64, Accuracy = 0.68, Loss = 1.040
[2020-11-29 18:38] Train Step 6299/1000000, Batch Size = 64,                     Examples/Sec = 5516.55, Accuracy = 0.69, Loss = 0.967
[2020-11-29 18:38] Train Step 6349/1000000, Batch Size = 64,                     Examples/Sec = 5236.23, Accuracy = 0.67, Loss = 1.066
[2020-11-29 18:38] Train Step 6399/1000000, Batch Size = 64,                     Examples/Sec = 5979.32, Accuracy = 0.66, Loss = 1.071
[2020-11-29 18:38] Train Step 6449/1000000, Batch Size = 64,                     Examples/Sec = 5492.29, Accuracy = 0.66, Loss = 1.065
[2020-11-29 18:38] Train Step 6499/1000000, Batch Size = 64,                     Examples/Sec = 5336.26, Accuracy = 0.67, Loss = 1.065
[2020-11-29 18:38] Train Step 6549/1000000, Batch Size = 64,                     Examples/Sec = 5332.87, Accuracy = 0.68, Loss = 1.028
[2020-11-29 18:38] Train Step 6599/1000000, Batch Size = 64,                     Examples/Sec = 5106.54, Accuracy = 0.66, Loss = 1.044
[2020-11-29 18:38] Train Step 6649/1000000, Batch Size = 64,                     Examples/Sec = 5832.00, Accuracy = 0.65, Loss = 1.105
[2020-11-29 18:38] Train Step 6699/1000000, Batch Size = 64,                     Examples/Sec = 5263.34, Accuracy = 0.66, Loss = 1.106
[2020-11-29 18:38] Train Step 6749/1000000, Batch Size = 64,                     Examples/Sec = 5947.65, Accuracy = 0.69, Loss = 0.973
[2020-11-29 18:38] Train Step 6799/1000000, Batch Size = 64,                     Examples/Sec = 5578.46, Accuracy = 0.66, Loss = 1.107
[2020-11-29 18:38] Train Step 6849/1000000, Batch Size = 64,                     Examples/Sec = 5326.21, Accuracy = 0.68, Loss = 1.042
[2020-11-29 18:38] Train Step 6899/1000000, Batch Size = 64,                     Examples/Sec = 5322.40, Accuracy = 0.67, Loss = 1.056
[2020-11-29 18:38] Train Step 6949/1000000, Batch Size = 64,                     Examples/Sec = 5146.68, Accuracy = 0.67, Loss = 1.085
[2020-11-29 18:38] Train Step 6999/1000000, Batch Size = 64,                     Examples/Sec = 5394.71, Accuracy = 0.66, Loss = 1.157
[2020-11-29 18:38] Train Step 7049/1000000, Batch Size = 64,                     Examples/Sec = 5373.12, Accuracy = 0.66, Loss = 1.102
[2020-11-29 18:38] Train Step 7099/1000000, Batch Size = 64,                     Examples/Sec = 5968.15, Accuracy = 0.66, Loss = 1.083
[2020-11-29 18:38] Train Step 7149/1000000, Batch Size = 64,                     Examples/Sec = 5326.84, Accuracy = 0.68, Loss = 1.040
[2020-11-29 18:38] Train Step 7199/1000000, Batch Size = 64,                     Examples/Sec = 4660.99, Accuracy = 0.65, Loss = 1.104
[2020-11-29 18:38] Train Step 7249/1000000, Batch Size = 64,                     Examples/Sec = 5152.11, Accuracy = 0.67, Loss = 1.091
[2020-11-29 18:39] Train Step 7299/1000000, Batch Size = 64,                     Examples/Sec = 5377.31, Accuracy = 0.67, Loss = 1.081
[2020-11-29 18:39] Train Step 7349/1000000, Batch Size = 64,                     Examples/Sec = 5956.63, Accuracy = 0.66, Loss = 1.077
[2020-11-29 18:39] Train Step 7399/1000000, Batch Size = 64,                     Examples/Sec = 4744.18, Accuracy = 0.68, Loss = 1.009
[2020-11-29 18:39] Train Step 7449/1000000, Batch Size = 64,                     Examples/Sec = 5898.00, Accuracy = 0.67, Loss = 1.057
[2020-11-29 18:39] Train Step 7499/1000000, Batch Size = 64,                     Examples/Sec = 5330.86, Accuracy = 0.67, Loss = 1.083
[2020-11-29 18:39] Train Step 7549/1000000, Batch Size = 64,                     Examples/Sec = 5416.48, Accuracy = 0.65, Loss = 1.132
[2020-11-29 18:39] Train Step 7599/1000000, Batch Size = 64,                     Examples/Sec = 5349.66, Accuracy = 0.66, Loss = 1.078
[2020-11-29 18:39] Train Step 7649/1000000, Batch Size = 64,                     Examples/Sec = 5378.82, Accuracy = 0.67, Loss = 1.125
[2020-11-29 18:39] Train Step 7699/1000000, Batch Size = 64,                     Examples/Sec = 5440.74, Accuracy = 0.66, Loss = 1.072
[2020-11-29 18:39] Train Step 7749/1000000, Batch Size = 64,                     Examples/Sec = 5392.76, Accuracy = 0.67, Loss = 1.062
[2020-11-29 18:39] Train Step 7799/1000000, Batch Size = 64,                     Examples/Sec = 5338.17, Accuracy = 0.68, Loss = 1.054
[2020-11-29 18:39] Train Step 7849/1000000, Batch Size = 64,                     Examples/Sec = 5060.43, Accuracy = 0.65, Loss = 1.102
[2020-11-29 18:39] Train Step 7899/1000000, Batch Size = 64,                     Examples/Sec = 5246.16, Accuracy = 0.67, Loss = 1.071
[2020-11-29 18:39] Train Step 7949/1000000, Batch Size = 64,                     Examples/Sec = 5262.31, Accuracy = 0.66, Loss = 1.070
[2020-11-29 18:39] Train Step 7999/1000000, Batch Size = 64,                     Examples/Sec = 5293.96, Accuracy = 0.68, Loss = 1.008
[2020-11-29 18:39] Train Step 8049/1000000, Batch Size = 64,                     Examples/Sec = 5505.01, Accuracy = 0.65, Loss = 1.129
[2020-11-29 18:39] Train Step 8099/1000000, Batch Size = 64,                     Examples/Sec = 5037.64, Accuracy = 0.64, Loss = 1.136
[2020-11-29 18:39] Train Step 8149/1000000, Batch Size = 64,                     Examples/Sec = 5424.80, Accuracy = 0.67, Loss = 1.063
[2020-11-29 18:39] Train Step 8199/1000000, Batch Size = 64,                     Examples/Sec = 5905.13, Accuracy = 0.66, Loss = 1.092
[2020-11-29 18:39] Train Step 8249/1000000, Batch Size = 64,                     Examples/Sec = 5377.64, Accuracy = 0.68, Loss = 1.032
[2020-11-29 18:39] Train Step 8299/1000000, Batch Size = 64,                     Examples/Sec = 5400.90, Accuracy = 0.66, Loss = 1.062
[2020-11-29 18:39] Train Step 8349/1000000, Batch Size = 64,                     Examples/Sec = 5179.05, Accuracy = 0.69, Loss = 1.004
[2020-11-29 18:39] Train Step 8399/1000000, Batch Size = 64,                     Examples/Sec = 5357.24, Accuracy = 0.66, Loss = 1.085
[2020-11-29 18:39] Train Step 8449/1000000, Batch Size = 64,                     Examples/Sec = 5921.81, Accuracy = 0.69, Loss = 1.019
[2020-11-29 18:39] Train Step 8499/1000000, Batch Size = 64,                     Examples/Sec = 5286.97, Accuracy = 0.68, Loss = 1.060
[2020-11-29 18:39] Train Step 8549/1000000, Batch Size = 64,                     Examples/Sec = 5452.46, Accuracy = 0.66, Loss = 1.086
[2020-11-29 18:39] Train Step 8599/1000000, Batch Size = 64,                     Examples/Sec = 5243.39, Accuracy = 0.63, Loss = 1.137
[2020-11-29 18:39] Train Step 8649/1000000, Batch Size = 64,                     Examples/Sec = 5440.85, Accuracy = 0.67, Loss = 1.061
[2020-11-29 18:39] Train Step 8699/1000000, Batch Size = 64,                     Examples/Sec = 5167.59, Accuracy = 0.67, Loss = 1.070
[2020-11-29 18:39] Train Step 8749/1000000, Batch Size = 64,                     Examples/Sec = 5487.46, Accuracy = 0.68, Loss = 1.067
[2020-11-29 18:39] Train Step 8799/1000000, Batch Size = 64,                     Examples/Sec = 5804.64, Accuracy = 0.67, Loss = 1.046
[2020-11-29 18:39] Train Step 8849/1000000, Batch Size = 64,                     Examples/Sec = 5078.62, Accuracy = 0.67, Loss = 1.074
[2020-11-29 18:39] Train Step 8899/1000000, Batch Size = 64,                     Examples/Sec = 5486.78, Accuracy = 0.68, Loss = 1.018
[2020-11-29 18:39] Train Step 8949/1000000, Batch Size = 64,                     Examples/Sec = 5865.26, Accuracy = 0.69, Loss = 1.002
[2020-11-29 18:39] Train Step 8999/1000000, Batch Size = 64,                     Examples/Sec = 5841.65, Accuracy = 0.67, Loss = 1.032
[2020-11-29 18:39] Train Step 9049/1000000, Batch Size = 64,                     Examples/Sec = 5573.25, Accuracy = 0.66, Loss = 1.086
[2020-11-29 18:39] Train Step 9099/1000000, Batch Size = 64,                     Examples/Sec = 5345.30, Accuracy = 0.68, Loss = 1.028
[2020-11-29 18:39] Train Step 9149/1000000, Batch Size = 64,                     Examples/Sec = 5885.45, Accuracy = 0.69, Loss = 1.036
[2020-11-29 18:39] Train Step 9199/1000000, Batch Size = 64,                     Examples/Sec = 5491.05, Accuracy = 0.67, Loss = 1.040
[2020-11-29 18:39] Train Step 9249/1000000, Batch Size = 64,                     Examples/Sec = 5075.35, Accuracy = 0.67, Loss = 1.059
[2020-11-29 18:39] Train Step 9299/1000000, Batch Size = 64,                     Examples/Sec = 5230.62, Accuracy = 0.68, Loss = 1.006
[2020-11-29 18:39] Train Step 9349/1000000, Batch Size = 64,                     Examples/Sec = 5169.08, Accuracy = 0.67, Loss = 1.057
[2020-11-29 18:39] Train Step 9399/1000000, Batch Size = 64,                     Examples/Sec = 5480.85, Accuracy = 0.68, Loss = 1.017
[2020-11-29 18:39] Train Step 9449/1000000, Batch Size = 64,                     Examples/Sec = 6014.28, Accuracy = 0.68, Loss = 1.012
[2020-11-29 18:39] Train Step 9499/1000000, Batch Size = 64,                     Examples/Sec = 5689.48, Accuracy = 0.70, Loss = 1.002
[2020-11-29 18:39] Train Step 9549/1000000, Batch Size = 64,                     Examples/Sec = 5445.16, Accuracy = 0.71, Loss = 0.972
[2020-11-29 18:39] Train Step 9599/1000000, Batch Size = 64,                     Examples/Sec = 5336.58, Accuracy = 0.68, Loss = 1.032
[2020-11-29 18:39] Train Step 9649/1000000, Batch Size = 64,                     Examples/Sec = 5448.92, Accuracy = 0.67, Loss = 1.028
[2020-11-29 18:39] Train Step 9699/1000000, Batch Size = 64,                     Examples/Sec = 5807.15, Accuracy = 0.68, Loss = 1.030
[2020-11-29 18:39] Train Step 9749/1000000, Batch Size = 64,                     Examples/Sec = 5346.89, Accuracy = 0.68, Loss = 0.999
[2020-11-29 18:39] Train Step 9799/1000000, Batch Size = 64,                     Examples/Sec = 5071.23, Accuracy = 0.66, Loss = 1.119
[2020-11-29 18:39] Train Step 9849/1000000, Batch Size = 64,                     Examples/Sec = 5892.17, Accuracy = 0.68, Loss = 1.053
[2020-11-29 18:39] Train Step 9899/1000000, Batch Size = 64,                     Examples/Sec = 5304.00, Accuracy = 0.68, Loss = 1.031
[2020-11-29 18:39] Train Step 9949/1000000, Batch Size = 64,                     Examples/Sec = 5913.07, Accuracy = 0.67, Loss = 1.080
[2020-11-29 18:39] Train Step 9999/1000000, Batch Size = 64,                     Examples/Sec = 5778.27, Accuracy = 0.66, Loss = 1.080
[2020-11-29 18:39] Train Step 10049/1000000, Batch Size = 64,                     Examples/Sec = 5163.61, Accuracy = 0.66, Loss = 1.059
[2020-11-29 18:39] Train Step 10099/1000000, Batch Size = 64,                     Examples/Sec = 5745.25, Accuracy = 0.66, Loss = 1.055
[2020-11-29 18:39] Train Step 10149/1000000, Batch Size = 64,                     Examples/Sec = 5198.11, Accuracy = 0.68, Loss = 1.049
[2020-11-29 18:39] Train Step 10199/1000000, Batch Size = 64,                     Examples/Sec = 5951.35, Accuracy = 0.67, Loss = 1.087
[2020-11-29 18:39] Train Step 10249/1000000, Batch Size = 64,                     Examples/Sec = 4655.97, Accuracy = 0.67, Loss = 1.046
[2020-11-29 18:39] Train Step 10299/1000000, Batch Size = 64,                     Examples/Sec = 5422.83, Accuracy = 0.68, Loss = 1.021
[2020-11-29 18:39] Train Step 10349/1000000, Batch Size = 64,                     Examples/Sec = 5919.19, Accuracy = 0.68, Loss = 1.046
[2020-11-29 18:39] Train Step 10399/1000000, Batch Size = 64,                     Examples/Sec = 5374.84, Accuracy = 0.66, Loss = 1.086
[2020-11-29 18:39] Train Step 10449/1000000, Batch Size = 64,                     Examples/Sec = 5401.66, Accuracy = 0.67, Loss = 1.027
[2020-11-29 18:39] Train Step 10499/1000000, Batch Size = 64,                     Examples/Sec = 5294.48, Accuracy = 0.66, Loss = 1.073
[2020-11-29 18:39] Train Step 10549/1000000, Batch Size = 64,                     Examples/Sec = 5354.68, Accuracy = 0.64, Loss = 1.121
[2020-11-29 18:39] Train Step 10599/1000000, Batch Size = 64,                     Examples/Sec = 5078.33, Accuracy = 0.68, Loss = 1.027
[2020-11-29 18:39] Train Step 10649/1000000, Batch Size = 64,                     Examples/Sec = 5655.56, Accuracy = 0.67, Loss = 1.082
[2020-11-29 18:39] Train Step 10699/1000000, Batch Size = 64,                     Examples/Sec = 5317.03, Accuracy = 0.68, Loss = 1.031
[2020-11-29 18:39] Train Step 10749/1000000, Batch Size = 64,                     Examples/Sec = 5427.98, Accuracy = 0.68, Loss = 1.016
[2020-11-29 18:39] Train Step 10799/1000000, Batch Size = 64,                     Examples/Sec = 5514.29, Accuracy = 0.68, Loss = 1.017
[2020-11-29 18:39] Train Step 10849/1000000, Batch Size = 64,                     Examples/Sec = 5258.59, Accuracy = 0.69, Loss = 1.031
[2020-11-29 18:39] Train Step 10899/1000000, Batch Size = 64,                     Examples/Sec = 5319.45, Accuracy = 0.69, Loss = 1.003
[2020-11-29 18:39] Train Step 10949/1000000, Batch Size = 64,                     Examples/Sec = 5116.95, Accuracy = 0.69, Loss = 0.990
[2020-11-29 18:39] Train Step 10999/1000000, Batch Size = 64,                     Examples/Sec = 5191.07, Accuracy = 0.68, Loss = 1.033
[2020-11-29 18:39] Train Step 11049/1000000, Batch Size = 64,                     Examples/Sec = 5842.16, Accuracy = 0.67, Loss = 1.061
[2020-11-29 18:39] Train Step 11099/1000000, Batch Size = 64,                     Examples/Sec = 5072.38, Accuracy = 0.67, Loss = 1.053
[2020-11-29 18:39] Train Step 11149/1000000, Batch Size = 64,                     Examples/Sec = 5569.43, Accuracy = 0.68, Loss = 1.038
[2020-11-29 18:39] Train Step 11199/1000000, Batch Size = 64,                     Examples/Sec = 5500.84, Accuracy = 0.69, Loss = 1.010
[2020-11-29 18:39] Train Step 11249/1000000, Batch Size = 64,                     Examples/Sec = 5531.10, Accuracy = 0.68, Loss = 1.027
[2020-11-29 18:39] Train Step 11299/1000000, Batch Size = 64,                     Examples/Sec = 5935.42, Accuracy = 0.66, Loss = 1.071
[2020-11-29 18:39] Train Step 11349/1000000, Batch Size = 64,                     Examples/Sec = 4938.83, Accuracy = 0.69, Loss = 0.981
[2020-11-29 18:39] Train Step 11399/1000000, Batch Size = 64,                     Examples/Sec = 5218.82, Accuracy = 0.68, Loss = 1.039
[2020-11-29 18:39] Train Step 11449/1000000, Batch Size = 64,                     Examples/Sec = 5160.43, Accuracy = 0.68, Loss = 1.022
[2020-11-29 18:39] Train Step 11499/1000000, Batch Size = 64,                     Examples/Sec = 5745.87, Accuracy = 0.68, Loss = 1.025
[2020-11-29 18:40] Train Step 11549/1000000, Batch Size = 64,                     Examples/Sec = 5551.46, Accuracy = 0.69, Loss = 1.014
[2020-11-29 18:40] Train Step 11599/1000000, Batch Size = 64,                     Examples/Sec = 5907.08, Accuracy = 0.68, Loss = 1.028
[2020-11-29 18:40] Train Step 11649/1000000, Batch Size = 64,                     Examples/Sec = 5168.48, Accuracy = 0.66, Loss = 1.071
[2020-11-29 18:40] Train Step 11699/1000000, Batch Size = 64,                     Examples/Sec = 5489.48, Accuracy = 0.67, Loss = 1.052
[2020-11-29 18:40] Train Step 11749/1000000, Batch Size = 64,                     Examples/Sec = 5415.83, Accuracy = 0.69, Loss = 1.025
[2020-11-29 18:40] Train Step 11799/1000000, Batch Size = 64,                     Examples/Sec = 5263.75, Accuracy = 0.67, Loss = 1.008
[2020-11-29 18:40] Train Step 11849/1000000, Batch Size = 64,                     Examples/Sec = 5060.62, Accuracy = 0.67, Loss = 1.029
[2020-11-29 18:40] Train Step 11899/1000000, Batch Size = 64,                     Examples/Sec = 5287.28, Accuracy = 0.67, Loss = 1.031
[2020-11-29 18:40] Train Step 11949/1000000, Batch Size = 64,                     Examples/Sec = 5755.85, Accuracy = 0.66, Loss = 1.042
[2020-11-29 18:40] Train Step 11999/1000000, Batch Size = 64,                     Examples/Sec = 5500.28, Accuracy = 0.70, Loss = 0.950
[2020-11-29 18:40] Train Step 12049/1000000, Batch Size = 64,                     Examples/Sec = 5409.82, Accuracy = 0.68, Loss = 1.000
[2020-11-29 18:40] Train Step 12099/1000000, Batch Size = 64,                     Examples/Sec = 5866.03, Accuracy = 0.67, Loss = 1.054
[2020-11-29 18:40] Train Step 12149/1000000, Batch Size = 64,                     Examples/Sec = 5299.18, Accuracy = 0.68, Loss = 1.023
[2020-11-29 18:40] Train Step 12199/1000000, Batch Size = 64,                     Examples/Sec = 5367.96, Accuracy = 0.67, Loss = 1.040
[2020-11-29 18:40] Train Step 12249/1000000, Batch Size = 64,                     Examples/Sec = 5496.00, Accuracy = 0.69, Loss = 0.995
[2020-11-29 18:40] Train Step 12299/1000000, Batch Size = 64,                     Examples/Sec = 5383.24, Accuracy = 0.69, Loss = 1.029
[2020-11-29 18:40] Train Step 12349/1000000, Batch Size = 64,                     Examples/Sec = 5938.57, Accuracy = 0.66, Loss = 1.006
[2020-11-29 18:40] Train Step 12399/1000000, Batch Size = 64,                     Examples/Sec = 5331.71, Accuracy = 0.69, Loss = 1.005
[2020-11-29 18:40] Train Step 12449/1000000, Batch Size = 64,                     Examples/Sec = 4615.07, Accuracy = 0.68, Loss = 1.049
[2020-11-29 18:40] Train Step 12499/1000000, Batch Size = 64,                     Examples/Sec = 5230.93, Accuracy = 0.66, Loss = 1.138
[2020-11-29 18:40] Train Step 12549/1000000, Batch Size = 64,                     Examples/Sec = 5473.69, Accuracy = 0.69, Loss = 0.984
[2020-11-29 18:40] Train Step 12599/1000000, Batch Size = 64,                     Examples/Sec = 5376.45, Accuracy = 0.69, Loss = 0.970
[2020-11-29 18:40] Train Step 12649/1000000, Batch Size = 64,                     Examples/Sec = 5726.38, Accuracy = 0.66, Loss = 1.050
[2020-11-29 18:40] Train Step 12699/1000000, Batch Size = 64,                     Examples/Sec = 5385.73, Accuracy = 0.66, Loss = 1.076
[2020-11-29 18:40] Train Step 12749/1000000, Batch Size = 64,                     Examples/Sec = 5494.08, Accuracy = 0.70, Loss = 0.948
[2020-11-29 18:40] Train Step 12799/1000000, Batch Size = 64,                     Examples/Sec = 5355.86, Accuracy = 0.66, Loss = 1.079
[2020-11-29 18:40] Train Step 12849/1000000, Batch Size = 64,                     Examples/Sec = 5923.77, Accuracy = 0.70, Loss = 1.004
[2020-11-29 18:40] Train Step 12899/1000000, Batch Size = 64,                     Examples/Sec = 5098.49, Accuracy = 0.68, Loss = 1.063
[2020-11-29 18:40] Train Step 12949/1000000, Batch Size = 64,                     Examples/Sec = 5427.87, Accuracy = 0.67, Loss = 1.049
[2020-11-29 18:40] Train Step 12999/1000000, Batch Size = 64,                     Examples/Sec = 5316.29, Accuracy = 0.70, Loss = 0.983
[2020-11-29 18:40] Train Step 13049/1000000, Batch Size = 64,                     Examples/Sec = 5083.43, Accuracy = 0.66, Loss = 1.131
[2020-11-29 18:40] Train Step 13099/1000000, Batch Size = 64,                     Examples/Sec = 5424.03, Accuracy = 0.68, Loss = 1.002
[2020-11-29 18:40] Train Step 13149/1000000, Batch Size = 64,                     Examples/Sec = 5403.29, Accuracy = 0.70, Loss = 0.943
[2020-11-29 18:40] Train Step 13199/1000000, Batch Size = 64,                     Examples/Sec = 5253.86, Accuracy = 0.70, Loss = 0.974
[2020-11-29 18:40] Train Step 13249/1000000, Batch Size = 64,                     Examples/Sec = 5427.00, Accuracy = 0.68, Loss = 1.018
[2020-11-29 18:40] Train Step 13299/1000000, Batch Size = 64,                     Examples/Sec = 5937.13, Accuracy = 0.67, Loss = 1.017
[2020-11-29 18:40] Train Step 13349/1000000, Batch Size = 64,                     Examples/Sec = 5859.76, Accuracy = 0.67, Loss = 1.033
[2020-11-29 18:40] Train Step 13399/1000000, Batch Size = 64,                     Examples/Sec = 5177.05, Accuracy = 0.67, Loss = 1.062
[2020-11-29 18:40] Train Step 13449/1000000, Batch Size = 64,                     Examples/Sec = 5526.32, Accuracy = 0.68, Loss = 1.015
[2020-11-29 18:40] Train Step 13499/1000000, Batch Size = 64,                     Examples/Sec = 5505.01, Accuracy = 0.64, Loss = 1.121
[2020-11-29 18:40] Train Step 13549/1000000, Batch Size = 64,                     Examples/Sec = 5654.13, Accuracy = 0.68, Loss = 0.994
[2020-11-29 18:40] Train Step 13599/1000000, Batch Size = 64,                     Examples/Sec = 5450.91, Accuracy = 0.67, Loss = 1.035
[2020-11-29 18:40] Train Step 13649/1000000, Batch Size = 64,                     Examples/Sec = 6000.57, Accuracy = 0.67, Loss = 1.017
[2020-11-29 18:40] Train Step 13699/1000000, Batch Size = 64,                     Examples/Sec = 5394.39, Accuracy = 0.67, Loss = 1.033
[2020-11-29 18:40] Train Step 13749/1000000, Batch Size = 64,                     Examples/Sec = 5320.29, Accuracy = 0.69, Loss = 1.007
[2020-11-29 18:40] Train Step 13799/1000000, Batch Size = 64,                     Examples/Sec = 5901.63, Accuracy = 0.71, Loss = 0.968
[2020-11-29 18:40] Train Step 13849/1000000, Batch Size = 64,                     Examples/Sec = 5892.43, Accuracy = 0.66, Loss = 1.062
[2020-11-29 18:40] Train Step 13899/1000000, Batch Size = 64,                     Examples/Sec = 5269.64, Accuracy = 0.67, Loss = 1.031
[2020-11-29 18:40] Train Step 13949/1000000, Batch Size = 64,                     Examples/Sec = 5924.29, Accuracy = 0.71, Loss = 0.956
[2020-11-29 18:40] Train Step 13999/1000000, Batch Size = 64,                     Examples/Sec = 5482.53, Accuracy = 0.68, Loss = 1.019
[2020-11-29 18:40] Train Step 14049/1000000, Batch Size = 64,                     Examples/Sec = 5317.55, Accuracy = 0.64, Loss = 1.128
[2020-11-29 18:40] Train Step 14099/1000000, Batch Size = 64,                     Examples/Sec = 5503.77, Accuracy = 0.67, Loss = 1.008
[2020-11-29 18:40] Train Step 14149/1000000, Batch Size = 64,                     Examples/Sec = 5076.41, Accuracy = 0.69, Loss = 0.989
[2020-11-29 18:40] Train Step 14199/1000000, Batch Size = 64,                     Examples/Sec = 5302.11, Accuracy = 0.67, Loss = 1.062
[2020-11-29 18:40] Train Step 14249/1000000, Batch Size = 64,                     Examples/Sec = 5258.49, Accuracy = 0.68, Loss = 0.994
[2020-11-29 18:40] Train Step 14299/1000000, Batch Size = 64,                     Examples/Sec = 5049.77, Accuracy = 0.67, Loss = 1.044
[2020-11-29 18:40] Train Step 14349/1000000, Batch Size = 64,                     Examples/Sec = 5187.76, Accuracy = 0.69, Loss = 0.986
[2020-11-29 18:40] Train Step 14399/1000000, Batch Size = 64,                     Examples/Sec = 5911.24, Accuracy = 0.67, Loss = 1.062
[2020-11-29 18:40] Train Step 14449/1000000, Batch Size = 64,                     Examples/Sec = 5937.13, Accuracy = 0.68, Loss = 1.027
[2020-11-29 18:40] Train Step 14499/1000000, Batch Size = 64,                     Examples/Sec = 5277.41, Accuracy = 0.69, Loss = 1.014
[2020-11-29 18:40] Train Step 14549/1000000, Batch Size = 64,                     Examples/Sec = 5386.92, Accuracy = 0.67, Loss = 1.042
[2020-11-29 18:40] Train Step 14599/1000000, Batch Size = 64,                     Examples/Sec = 5275.85, Accuracy = 0.69, Loss = 1.009
[2020-11-29 18:40] Train Step 14649/1000000, Batch Size = 64,                     Examples/Sec = 5777.15, Accuracy = 0.68, Loss = 1.014
[2020-11-29 18:40] Train Step 14699/1000000, Batch Size = 64,                     Examples/Sec = 5974.26, Accuracy = 0.69, Loss = 1.017
[2020-11-29 18:40] Train Step 14749/1000000, Batch Size = 64,                     Examples/Sec = 5239.40, Accuracy = 0.70, Loss = 0.942
[2020-11-29 18:40] Train Step 14799/1000000, Batch Size = 64,                     Examples/Sec = 5323.46, Accuracy = 0.69, Loss = 1.023
[2020-11-29 18:40] Train Step 14849/1000000, Batch Size = 64,                     Examples/Sec = 5945.68, Accuracy = 0.67, Loss = 1.026
[2020-11-29 18:40] Train Step 14899/1000000, Batch Size = 64,                     Examples/Sec = 5344.55, Accuracy = 0.67, Loss = 1.041
[2020-11-29 18:40] Train Step 14949/1000000, Batch Size = 64,                     Examples/Sec = 5909.81, Accuracy = 0.68, Loss = 1.026
[2020-11-29 18:40] Train Step 14999/1000000, Batch Size = 64,                     Examples/Sec = 5298.66, Accuracy = 0.68, Loss = 1.016
[2020-11-29 18:40] Train Step 15049/1000000, Batch Size = 64,                     Examples/Sec = 5482.41, Accuracy = 0.65, Loss = 1.049
[2020-11-29 18:40] Train Step 15099/1000000, Batch Size = 64,                     Examples/Sec = 5706.41, Accuracy = 0.68, Loss = 1.013
[2020-11-29 18:40] Train Step 15149/1000000, Batch Size = 64,                     Examples/Sec = 5313.34, Accuracy = 0.67, Loss = 1.021
[2020-11-29 18:40] Train Step 15199/1000000, Batch Size = 64,                     Examples/Sec = 5240.32, Accuracy = 0.70, Loss = 0.942
[2020-11-29 18:40] Train Step 15249/1000000, Batch Size = 64,                     Examples/Sec = 5290.83, Accuracy = 0.67, Loss = 1.067
[2020-11-29 18:40] Train Step 15299/1000000, Batch Size = 64,                     Examples/Sec = 5445.16, Accuracy = 0.68, Loss = 1.016
[2020-11-29 18:40] Train Step 15349/1000000, Batch Size = 64,                     Examples/Sec = 5080.44, Accuracy = 0.71, Loss = 0.995
[2020-11-29 18:40] Train Step 15399/1000000, Batch Size = 64,                     Examples/Sec = 5254.68, Accuracy = 0.69, Loss = 1.028
[2020-11-29 18:40] Train Step 15449/1000000, Batch Size = 64,                     Examples/Sec = 5043.22, Accuracy = 0.68, Loss = 0.985
[2020-11-29 18:40] Train Step 15499/1000000, Batch Size = 64,                     Examples/Sec = 5342.64, Accuracy = 0.69, Loss = 1.014
[2020-11-29 18:40] Train Step 15549/1000000, Batch Size = 64,                     Examples/Sec = 5505.69, Accuracy = 0.66, Loss = 1.089
[2020-11-29 18:40] Train Step 15599/1000000, Batch Size = 64,                     Examples/Sec = 5376.02, Accuracy = 0.69, Loss = 1.009
[2020-11-29 18:40] Train Step 15649/1000000, Batch Size = 64,                     Examples/Sec = 5644.02, Accuracy = 0.70, Loss = 0.967
[2020-11-29 18:40] Train Step 15699/1000000, Batch Size = 64,                     Examples/Sec = 5556.40, Accuracy = 0.66, Loss = 1.076
[2020-11-29 18:40] Train Step 15749/1000000, Batch Size = 64,                     Examples/Sec = 5491.95, Accuracy = 0.67, Loss = 1.061
[2020-11-29 18:40] Train Step 15799/1000000, Batch Size = 64,                     Examples/Sec = 5299.81, Accuracy = 0.67, Loss = 1.036
[2020-11-29 18:41] Train Step 15849/1000000, Batch Size = 64,                     Examples/Sec = 5814.95, Accuracy = 0.67, Loss = 1.054
[2020-11-29 18:41] Train Step 15899/1000000, Batch Size = 64,                     Examples/Sec = 5495.43, Accuracy = 0.69, Loss = 1.011
[2020-11-29 18:41] Train Step 15949/1000000, Batch Size = 64,                     Examples/Sec = 5865.65, Accuracy = 0.68, Loss = 1.014
[2020-11-29 18:41] Train Step 15999/1000000, Batch Size = 64,                     Examples/Sec = 4760.68, Accuracy = 0.67, Loss = 1.055
[2020-11-29 18:41] Train Step 16049/1000000, Batch Size = 64,                     Examples/Sec = 5436.12, Accuracy = 0.69, Loss = 1.002
[2020-11-29 18:41] Train Step 16099/1000000, Batch Size = 64,                     Examples/Sec = 5219.03, Accuracy = 0.69, Loss = 1.002
[2020-11-29 18:41] Train Step 16149/1000000, Batch Size = 64,                     Examples/Sec = 5350.09, Accuracy = 0.70, Loss = 0.976
[2020-11-29 18:41] Train Step 16199/1000000, Batch Size = 64,                     Examples/Sec = 5608.88, Accuracy = 0.69, Loss = 0.980
[2020-11-29 18:41] Train Step 16249/1000000, Batch Size = 64,                     Examples/Sec = 5110.91, Accuracy = 0.70, Loss = 0.955
[2020-11-29 18:41] Train Step 16299/1000000, Batch Size = 64,                     Examples/Sec = 5438.21, Accuracy = 0.70, Loss = 0.983
[2020-11-29 18:41] Train Step 16349/1000000, Batch Size = 64,                     Examples/Sec = 5427.87, Accuracy = 0.68, Loss = 1.000
[2020-11-29 18:41] Train Step 16399/1000000, Batch Size = 64,                     Examples/Sec = 5501.40, Accuracy = 0.68, Loss = 1.025
[2020-11-29 18:41] Train Step 16449/1000000, Batch Size = 64,                     Examples/Sec = 5263.54, Accuracy = 0.67, Loss = 1.072
[2020-11-29 18:41] Train Step 16499/1000000, Batch Size = 64,                     Examples/Sec = 5372.15, Accuracy = 0.69, Loss = 0.982
[2020-11-29 18:41] Train Step 16549/1000000, Batch Size = 64,                     Examples/Sec = 5899.55, Accuracy = 0.69, Loss = 1.009
[2020-11-29 18:41] Train Step 16599/1000000, Batch Size = 64,                     Examples/Sec = 5432.38, Accuracy = 0.67, Loss = 1.035
[2020-11-29 18:41] Train Step 16649/1000000, Batch Size = 64,                     Examples/Sec = 5474.59, Accuracy = 0.69, Loss = 0.973
[2020-11-29 18:41] Train Step 16699/1000000, Batch Size = 64,                     Examples/Sec = 5924.68, Accuracy = 0.67, Loss = 1.050
[2020-11-29 18:41] Train Step 16749/1000000, Batch Size = 64,                     Examples/Sec = 5800.37, Accuracy = 0.70, Loss = 0.983
[2020-11-29 18:41] Train Step 16799/1000000, Batch Size = 64,                     Examples/Sec = 5531.22, Accuracy = 0.68, Loss = 1.018
[2020-11-29 18:41] Train Step 16849/1000000, Batch Size = 64,                     Examples/Sec = 5467.90, Accuracy = 0.68, Loss = 1.059
[2020-11-29 18:41] Train Step 16899/1000000, Batch Size = 64,                     Examples/Sec = 5893.20, Accuracy = 0.68, Loss = 1.019
[2020-11-29 18:41] Train Step 16949/1000000, Batch Size = 64,                     Examples/Sec = 5399.81, Accuracy = 0.71, Loss = 0.963
[2020-11-29 18:41] Train Step 16999/1000000, Batch Size = 64,                     Examples/Sec = 5891.91, Accuracy = 0.68, Loss = 1.052
[2020-11-29 18:41] Train Step 17049/1000000, Batch Size = 64,                     Examples/Sec = 5340.62, Accuracy = 0.65, Loss = 1.092
[2020-11-29 18:41] Train Step 17099/1000000, Batch Size = 64,                     Examples/Sec = 5416.48, Accuracy = 0.65, Loss = 1.133
[2020-11-29 18:41] Train Step 17149/1000000, Batch Size = 64,                     Examples/Sec = 5363.99, Accuracy = 0.68, Loss = 1.004
[2020-11-29 18:41] Train Step 17199/1000000, Batch Size = 64,                     Examples/Sec = 5394.17, Accuracy = 0.68, Loss = 1.031
[2020-11-29 18:41] Train Step 17249/1000000, Batch Size = 64,                     Examples/Sec = 5152.81, Accuracy = 0.67, Loss = 1.027
[2020-11-29 18:41] Train Step 17299/1000000, Batch Size = 64,                     Examples/Sec = 5420.75, Accuracy = 0.69, Loss = 1.007
[2020-11-29 18:41] Train Step 17349/1000000, Batch Size = 64,                     Examples/Sec = 5380.87, Accuracy = 0.67, Loss = 1.011
[2020-11-29 18:41] Train Step 17399/1000000, Batch Size = 64,                     Examples/Sec = 5827.32, Accuracy = 0.67, Loss = 1.015
[2020-11-29 18:41] Train Step 17449/1000000, Batch Size = 64,                     Examples/Sec = 5161.62, Accuracy = 0.69, Loss = 0.989
[2020-11-29 18:41] Train Step 17499/1000000, Batch Size = 64,                     Examples/Sec = 6768.42, Accuracy = 0.68, Loss = 1.036
[2020-11-29 18:41] Train Step 17549/1000000, Batch Size = 64,                     Examples/Sec = 5334.78, Accuracy = 0.67, Loss = 1.014
[2020-11-29 18:41] Train Step 17599/1000000, Batch Size = 64,                     Examples/Sec = 5335.95, Accuracy = 0.68, Loss = 1.001
[2020-11-29 18:41] Train Step 17649/1000000, Batch Size = 64,                     Examples/Sec = 3912.25, Accuracy = 0.66, Loss = 1.030
[2020-11-29 18:41] Train Step 17699/1000000, Batch Size = 64,                     Examples/Sec = 5445.49, Accuracy = 0.69, Loss = 1.000
[2020-11-29 18:41] Train Step 17749/1000000, Batch Size = 64,                     Examples/Sec = 5101.11, Accuracy = 0.68, Loss = 1.017
[2020-11-29 18:41] Train Step 17799/1000000, Batch Size = 64,                     Examples/Sec = 5696.12, Accuracy = 0.67, Loss = 1.031
[2020-11-29 18:41] Train Step 17849/1000000, Batch Size = 64,                     Examples/Sec = 5482.86, Accuracy = 0.67, Loss = 1.061
[2020-11-29 18:41] Train Step 17899/1000000, Batch Size = 64,                     Examples/Sec = 5141.85, Accuracy = 0.68, Loss = 1.008
[2020-11-29 18:41] Train Step 17949/1000000, Batch Size = 64,                     Examples/Sec = 5057.28, Accuracy = 0.67, Loss = 1.018
[2020-11-29 18:41] Train Step 17999/1000000, Batch Size = 64,                     Examples/Sec = 5387.67, Accuracy = 0.68, Loss = 1.026
[2020-11-29 18:41] Train Step 18049/1000000, Batch Size = 64,                     Examples/Sec = 5248.31, Accuracy = 0.67, Loss = 1.063
[2020-11-29 18:41] Train Step 18099/1000000, Batch Size = 64,                     Examples/Sec = 5384.11, Accuracy = 0.68, Loss = 1.018
[2020-11-29 18:41] Train Step 18149/1000000, Batch Size = 64,                     Examples/Sec = 5116.37, Accuracy = 0.69, Loss = 0.997
[2020-11-29 18:41] Train Step 18199/1000000, Batch Size = 64,                     Examples/Sec = 5383.35, Accuracy = 0.68, Loss = 1.022
[2020-11-29 18:41] Train Step 18249/1000000, Batch Size = 64,                     Examples/Sec = 5228.68, Accuracy = 0.65, Loss = 1.097
[2020-11-29 18:41] Train Step 18299/1000000, Batch Size = 64,                     Examples/Sec = 5192.38, Accuracy = 0.68, Loss = 1.054
[2020-11-29 18:41] Train Step 18349/1000000, Batch Size = 64,                     Examples/Sec = 5199.52, Accuracy = 0.68, Loss = 1.038
[2020-11-29 18:41] Train Step 18399/1000000, Batch Size = 64,                     Examples/Sec = 5345.40, Accuracy = 0.68, Loss = 1.017
[2020-11-29 18:41] Train Step 18449/1000000, Batch Size = 64,                     Examples/Sec = 5256.33, Accuracy = 0.70, Loss = 0.947
[2020-11-29 18:41] Train Step 18499/1000000, Batch Size = 64,                     Examples/Sec = 5487.23, Accuracy = 0.69, Loss = 0.982
[2020-11-29 18:41] Train Step 18549/1000000, Batch Size = 64,                     Examples/Sec = 5398.40, Accuracy = 0.68, Loss = 1.020
[2020-11-29 18:41] Train Step 18599/1000000, Batch Size = 64,                     Examples/Sec = 5929.00, Accuracy = 0.68, Loss = 1.047
[2020-11-29 18:41] Train Step 18649/1000000, Batch Size = 64,                     Examples/Sec = 5714.07, Accuracy = 0.67, Loss = 1.043
[2020-11-29 18:41] Train Step 18699/1000000, Batch Size = 64,                     Examples/Sec = 5435.35, Accuracy = 0.67, Loss = 1.050
[2020-11-29 18:41] Train Step 18749/1000000, Batch Size = 64,                     Examples/Sec = 5937.00, Accuracy = 0.68, Loss = 1.001
[2020-11-29 18:41] Train Step 18799/1000000, Batch Size = 64,                     Examples/Sec = 5366.46, Accuracy = 0.68, Loss = 1.003
[2020-11-29 18:41] Train Step 18849/1000000, Batch Size = 64,                     Examples/Sec = 5504.67, Accuracy = 0.69, Loss = 1.009
[2020-11-29 18:41] Train Step 18899/1000000, Batch Size = 64,                     Examples/Sec = 5425.46, Accuracy = 0.68, Loss = 1.008
[2020-11-29 18:41] Train Step 18949/1000000, Batch Size = 64,                     Examples/Sec = 5860.27, Accuracy = 0.68, Loss = 1.015
[2020-11-29 18:41] Train Step 18999/1000000, Batch Size = 64,                     Examples/Sec = 5331.39, Accuracy = 0.70, Loss = 0.966
[2020-11-29 18:41] Train Step 19049/1000000, Batch Size = 64,                     Examples/Sec = 5466.23, Accuracy = 0.69, Loss = 1.014
[2020-11-29 18:41] Train Step 19099/1000000, Batch Size = 64,                     Examples/Sec = 5006.07, Accuracy = 0.66, Loss = 1.055
[2020-11-29 18:41] Train Step 19149/1000000, Batch Size = 64,                     Examples/Sec = 5809.16, Accuracy = 0.67, Loss = 1.015
[2020-11-29 18:41] Train Step 19199/1000000, Batch Size = 64,                     Examples/Sec = 5507.72, Accuracy = 0.70, Loss = 0.981
[2020-11-29 18:41] Train Step 19249/1000000, Batch Size = 64,                     Examples/Sec = 5533.27, Accuracy = 0.70, Loss = 0.961
[2020-11-29 18:41] Train Step 19299/1000000, Batch Size = 64,                     Examples/Sec = 5308.09, Accuracy = 0.68, Loss = 0.982
[2020-11-29 18:41] Train Step 19349/1000000, Batch Size = 64,                     Examples/Sec = 5389.08, Accuracy = 0.68, Loss = 1.051
[2020-11-29 18:41] Train Step 19399/1000000, Batch Size = 64,                     Examples/Sec = 5440.74, Accuracy = 0.69, Loss = 0.987
[2020-11-29 18:41] Train Step 19449/1000000, Batch Size = 64,                     Examples/Sec = 5590.43, Accuracy = 0.69, Loss = 0.967
[2020-11-29 18:41] Train Step 19499/1000000, Batch Size = 64,                     Examples/Sec = 5278.55, Accuracy = 0.70, Loss = 1.001
[2020-11-29 18:41] Train Step 19549/1000000, Batch Size = 64,                     Examples/Sec = 5711.03, Accuracy = 0.70, Loss = 0.963
[2020-11-29 18:41] Train Step 19599/1000000, Batch Size = 64,                     Examples/Sec = 5597.19, Accuracy = 0.67, Loss = 1.032
[2020-11-29 18:41] Train Step 19649/1000000, Batch Size = 64,                     Examples/Sec = 5239.20, Accuracy = 0.69, Loss = 1.010
[2020-11-29 18:41] Train Step 19699/1000000, Batch Size = 64,                     Examples/Sec = 5392.33, Accuracy = 0.70, Loss = 0.915
[2020-11-29 18:41] Train Step 19749/1000000, Batch Size = 64,                     Examples/Sec = 5471.57, Accuracy = 0.69, Loss = 1.030
[2020-11-29 18:41] Train Step 19799/1000000, Batch Size = 64,                     Examples/Sec = 5739.60, Accuracy = 0.68, Loss = 1.022
[2020-11-29 18:41] Train Step 19849/1000000, Batch Size = 64,                     Examples/Sec = 5257.15, Accuracy = 0.70, Loss = 1.010
[2020-11-29 18:41] Train Step 19899/1000000, Batch Size = 64,                     Examples/Sec = 5670.25, Accuracy = 0.68, Loss = 1.003
[2020-11-29 18:41] Train Step 19949/1000000, Batch Size = 64,                     Examples/Sec = 5268.50, Accuracy = 0.70, Loss = 0.953
[2020-11-29 18:41] Train Step 19999/1000000, Batch Size = 64,                     Examples/Sec = 5457.00, Accuracy = 0.70, Loss = 0.980
[2020-11-29 18:41] Train Step 20049/1000000, Batch Size = 64,                     Examples/Sec = 5370.21, Accuracy = 0.67, Loss = 1.066
[2020-11-29 18:42] Train Step 20099/1000000, Batch Size = 64,                     Examples/Sec = 5484.88, Accuracy = 0.67, Loss = 1.034
[2020-11-29 18:42] Train Step 20149/1000000, Batch Size = 64,                     Examples/Sec = 5289.99, Accuracy = 0.68, Loss = 1.020
[2020-11-29 18:42] Train Step 20199/1000000, Batch Size = 64,                     Examples/Sec = 5386.05, Accuracy = 0.69, Loss = 0.983
Traceback (most recent call last):
  File "train.py", line 243, in <module>
    loss, acc = train(config)
  File "train.py", line 94, in train
    log_probs = model(batch_inputs)
  File "/home/lgpu0376/.conda/envs/dl2020/lib/python3.7/site-packages/torch/nn/modules/module.py", line 722, in _call_impl
    result = self.forward(*input, **kwargs)
  File "/home/lgpu0376/uvadlc_practicals_2020/assignment_2/2_recurrentnns_gnns/code/Part 2/model.py", line 83, in forward
    output, _ = self.lstm(embed, self.init_state())
  File "/home/lgpu0376/.conda/envs/dl2020/lib/python3.7/site-packages/torch/nn/modules/module.py", line 722, in _call_impl
    result = self.forward(*input, **kwargs)
  File "/home/lgpu0376/.conda/envs/dl2020/lib/python3.7/site-packages/torch/nn/modules/rnn.py", line 574, in forward
    self.check_forward_args(input, hx, batch_sizes)
  File "/home/lgpu0376/.conda/envs/dl2020/lib/python3.7/site-packages/torch/nn/modules/rnn.py", line 529, in check_forward_args
    'Expected hidden[0] size {}, got {}')
  File "/home/lgpu0376/.conda/envs/dl2020/lib/python3.7/site-packages/torch/nn/modules/rnn.py", line 195, in check_hidden_size
    raise RuntimeError(msg.format(expected_hidden_size, tuple(hx.size())))
RuntimeError: Expected hidden[0] size (2, 56, 128), got (2, 64, 128)
srun: error: r30n2: task 0: Exited with exit code 1
